# JRE version: Java(TM) SE Runtime Environment (8.0_162-b12) (build 1.8.0_162-b12)
# Java VM: Java HotSpot(TM) 64-Bit Server VM (25.162-b12 mixed mode windows-amd64 compressed oops)
Heap:
 PSYoungGen      total 6656K, used 880K [0x00000000d5e00000, 0x00000000d6800000, 0x0000000100000000)
  eden space 6144K, 9% used [0x00000000d5e00000,0x00000000d5e901c8,0x00000000d6400000)
  from space 512K, 59% used [0x00000000d6400000,0x00000000d644c050,0x00000000d6480000)
  to   space 2048K, 0% used [0x00000000d6600000,0x00000000d6600000,0x00000000d6800000)
 ParOldGen       total 89600K, used 70690K [0x0000000081a00000, 0x0000000087180000, 0x00000000d5e00000)
  object space 89600K, 78% used [0x0000000081a00000,0x0000000085f08a18,0x0000000087180000)
 Metaspace       used 17640K, capacity 17912K, committed 18176K, reserved 1064960K
  class space    used 1859K, capacity 1954K, committed 2048K, reserved 1048576K
GC Heap History (10 events):
Event: 14099.694 GC heap before
{Heap before GC invocations=2445 (full 21):
 PSYoungGen      total 8704K, used 8000K [0x00000000d5e00000, 0x00000000d6780000, 0x0000000100000000)
  eden space 7680K, 100% used [0x00000000d5e00000,0x00000000d6580000,0x00000000d6580000)
  from space 1024K, 31% used [0x00000000d6580000,0x00000000d65d0060,0x00000000d6680000)
  to   space 1024K, 0% used [0x00000000d6680000,0x00000000d6680000,0x00000000d6780000)
 ParOldGen       total 90624K, used 86224K [0x0000000081a00000, 0x0000000087280000, 0x00000000d5e00000)
  object space 90624K, 95% used [0x0000000081a00000,0x0000000086e34190,0x0000000087280000)
 Metaspace       used 17640K, capacity 17912K, committed 18176K, reserved 1064960K
  class space    used 1859K, capacity 1954K, committed 2048K, reserved 1048576K
Event: 14099.699 GC heap after
Heap after GC invocations=2445 (full 21):
 PSYoungGen      total 7168K, used 1012K [0x00000000d5e00000, 0x00000000d6a80000, 0x0000000100000000)
  eden space 6144K, 0% used [0x00000000d5e00000,0x00000000d5e00000,0x00000000d6400000)
  from space 1024K, 98% used [0x00000000d6680000,0x00000000d677d388,0x00000000d6780000)
  to   space 2560K, 0% used [0x00000000d6400000,0x00000000d6400000,0x00000000d6680000)
 ParOldGen       total 90624K, used 89448K [0x0000000081a00000, 0x0000000087280000, 0x00000000d5e00000)
  object space 90624K, 98% used [0x0000000081a00000,0x000000008715a210,0x0000000087280000)
 Metaspace       used 17640K, capacity 17912K, committed 18176K, reserved 1064960K
  class space    used 1859K, capacity 1954K, committed 2048K, reserved 1048576K
}
Event: 14099.699 GC heap before
{Heap before GC invocations=2446 (full 22):
 PSYoungGen      total 7168K, used 1012K [0x00000000d5e00000, 0x00000000d6a80000, 0x0000000100000000)
  eden space 6144K, 0% used [0x00000000d5e00000,0x00000000d5e00000,0x00000000d6400000)
  from space 1024K, 98% used [0x00000000d6680000,0x00000000d677d388,0x00000000d6780000)
  to   space 2560K, 0% used [0x00000000d6400000,0x00000000d6400000,0x00000000d6680000)
 ParOldGen       total 90624K, used 89448K [0x0000000081a00000, 0x0000000087280000, 0x00000000d5e00000)
  object space 90624K, 98% used [0x0000000081a00000,0x000000008715a210,0x0000000087280000)
 Metaspace       used 17640K, capacity 17912K, committed 18176K, reserved 1064960K
  class space    used 1859K, capacity 1954K, committed 2048K, reserved 1048576K
Event: 14099.792 GC heap after
Heap after GC invocations=2446 (full 22):
 PSYoungGen      total 7168K, used 0K [0x00000000d5e00000, 0x00000000d6a80000, 0x0000000100000000)
  eden space 6144K, 0% used [0x00000000d5e00000,0x00000000d5e00000,0x00000000d6400000)
  from space 1024K, 0% used [0x00000000d6680000,0x00000000d6680000,0x00000000d6780000)
  to   space 2560K, 0% used [0x00000000d6400000,0x00000000d6400000,0x00000000d6680000)
 ParOldGen       total 89600K, used 69427K [0x0000000081a00000, 0x0000000087180000, 0x00000000d5e00000)
  object space 89600K, 77% used [0x0000000081a00000,0x0000000085dcce10,0x0000000087180000)
 Metaspace       used 17640K, capacity 17912K, committed 18176K, reserved 1064960K
  class space    used 1859K, capacity 1954K, committed 2048K, reserved 1048576K
}
Event: 14105.039 GC heap before
{Heap before GC invocations=2447 (full 22):
 PSYoungGen      total 7168K, used 6144K [0x00000000d5e00000, 0x00000000d6a80000, 0x0000000100000000)
  eden space 6144K, 100% used [0x00000000d5e00000,0x00000000d6400000,0x00000000d6400000)
  from space 1024K, 0% used [0x00000000d6680000,0x00000000d6680000,0x00000000d6780000)
  to   space 2560K, 0% used [0x00000000d6400000,0x00000000d6400000,0x00000000d6680000)
 ParOldGen       total 89600K, used 69427K [0x0000000081a00000, 0x0000000087180000, 0x00000000d5e00000)
  object space 89600K, 77% used [0x0000000081a00000,0x0000000085dcce10,0x0000000087180000)
 Metaspace       used 17640K, capacity 17912K, committed 18176K, reserved 1064960K
  class space    used 1859K, capacity 1954K, committed 2048K, reserved 1048576K
Event: 14105.043 GC heap after
Heap after GC invocations=2447 (full 22):
 PSYoungGen      total 8704K, used 1254K [0x00000000d5e00000, 0x00000000d6900000, 0x0000000100000000)
  eden space 6144K, 0% used [0x00000000d5e00000,0x00000000d5e00000,0x00000000d6400000)
  from space 2560K, 49% used [0x00000000d6400000,0x00000000d6539bd8,0x00000000d6680000)
  to   space 2560K, 0% used [0x00000000d6680000,0x00000000d6680000,0x00000000d6900000)
 ParOldGen       total 89600K, used 69427K [0x0000000081a00000, 0x0000000087180000, 0x00000000d5e00000)
  object space 89600K, 77% used [0x0000000081a00000,0x0000000085dcce10,0x0000000087180000)
 Metaspace       used 17640K, capacity 17912K, committed 18176K, reserved 1064960K
  class space    used 1859K, capacity 1954K, committed 2048K, reserved 1048576K
}
Event: 14113.161 GC heap before
{Heap before GC invocations=2448 (full 22):
 PSYoungGen      total 8704K, used 7398K [0x00000000d5e00000, 0x00000000d6900000, 0x0000000100000000)
  eden space 6144K, 100% used [0x00000000d5e00000,0x00000000d6400000,0x00000000d6400000)
  from space 2560K, 49% used [0x00000000d6400000,0x00000000d6539bd8,0x00000000d6680000)
  to   space 2560K, 0% used [0x00000000d6680000,0x00000000d6680000,0x00000000d6900000)
 ParOldGen       total 89600K, used 69427K [0x0000000081a00000, 0x0000000087180000, 0x00000000d5e00000)
  object space 89600K, 77% used [0x0000000081a00000,0x0000000085dcce10,0x0000000087180000)
 Metaspace       used 17640K, capacity 17912K, committed 18176K, reserved 1064960K
  class space    used 1859K, capacity 1954K, committed 2048K, reserved 1048576K
Event: 14113.163 GC heap after
Heap after GC invocations=2448 (full 22):
 PSYoungGen      total 8704K, used 144K [0x00000000d5e00000, 0x00000000d6900000, 0x0000000100000000)
  eden space 6144K, 0% used [0x00000000d5e00000,0x00000000d5e00000,0x00000000d6400000)
  from space 2560K, 5% used [0x00000000d6680000,0x00000000d66a4010,0x00000000d6900000)
  to   space 2560K, 0% used [0x00000000d6400000,0x00000000d6400000,0x00000000d6680000)
 ParOldGen       total 89600K, used 70602K [0x0000000081a00000, 0x0000000087180000, 0x00000000d5e00000)
  object space 89600K, 78% used [0x0000000081a00000,0x0000000085ef29f8,0x0000000087180000)
 Metaspace       used 17640K, capacity 17912K, committed 18176K, reserved 1064960K
  class space    used 1859K, capacity 1954K, committed 2048K, reserved 1048576K
}
Event: 14121.075 GC heap before
{Heap before GC invocations=2449 (full 22):
 PSYoungGen      total 8704K, used 6288K [0x00000000d5e00000, 0x00000000d6900000, 0x0000000100000000)
  eden space 6144K, 100% used [0x00000000d5e00000,0x00000000d6400000,0x00000000d6400000)
  from space 2560K, 5% used [0x00000000d6680000,0x00000000d66a4010,0x00000000d6900000)
  to   space 2560K, 0% used [0x00000000d6400000,0x00000000d6400000,0x00000000d6680000)
 ParOldGen       total 89600K, used 70602K [0x0000000081a00000, 0x0000000087180000, 0x00000000d5e00000)
  object space 89600K, 78% used [0x0000000081a00000,0x0000000085ef29f8,0x0000000087180000)
 Metaspace       used 17640K, capacity 17912K, committed 18176K, reserved 1064960K
  class space    used 1859K, capacity 1954K, committed 2048K, reserved 1048576K
Event: 14121.077 GC heap after
Heap after GC invocations=2449 (full 22):
 PSYoungGen      total 6656K, used 304K [0x00000000d5e00000, 0x00000000d6800000, 0x0000000100000000)
  eden space 6144K, 0% used [0x00000000d5e00000,0x00000000d5e00000,0x00000000d6400000)
  from space 512K, 59% used [0x00000000d6400000,0x00000000d644c050,0x00000000d6480000)
  to   space 2048K, 0% used [0x00000000d6600000,0x00000000d6600000,0x00000000d6800000)
 ParOldGen       total 89600K, used 70690K [0x0000000081a00000, 0x0000000087180000, 0x00000000d5e00000)
  object space 89600K, 78% used [0x0000000081a00000,0x0000000085f08a18,0x0000000087180000)
 Metaspace       used 17640K, capacity 17912K, committed 18176K, reserved 1064960K
  class space    used 1859K, capacity 1954K, committed 2048K, reserved 1048576K
}

